<?xml version="1.0" encoding="UTF-8"?>
<!-- Generated by org.testng.reporters.JUnitXMLReporter -->
<testsuite hostname="jarvis" ignored="1" name="Test" tests="14" failures="1" timestamp="19 Dec 2020 06:27:55 GMT" time="0.066" errors="0">
  <testcase name="register" time="0.008" classname="test.TestDependsOnMethod"/>
  <testcase name="deleteUser" time="0.001" classname="test.TestDependsOnMethod"/>
  <testcase name="login" time="0.001" classname="test.TestDependsOnMethod"/>
  <testcase name="login" time="0.001" classname="test.TestInvocationCountParameter"/>
  <testcase name="login" time="0.001" classname="test.TestInvocationCountParameter"/>
  <testcase name="register" time="0.001" classname="test.TestInvocationCountParameter"/>
  <testcase name="deleteUser" time="0.002" classname="test.TestAlwaysRunParameter"/>
  <testcase name="register" time="0.002" classname="test.TestAlwaysRunParameter">
    <failure type="java.lang.AssertionError">
      <![CDATA[java.lang.AssertionError: 
	at test.TestAlwaysRunParameter.register(TestAlwaysRunParameter.java:12)
... Removed 27 stack frames]]>
    </failure>
  </testcase> <!-- register -->
  <testcase name="login" time="0.001" classname="test.TestAlwaysRunParameter"/>
  <testcase name="test01" time="0.001" classname="test.TestExecutionOrder"/>
  <testcase name="test02" time="0.002" classname="test.TestExecutionOrder"/>
  <testcase name="test03" time="0.001" classname="test.TestExecutionOrder"/>
  <testcase name="test04" time="0.002" classname="test.TestExecutionOrder"/>
  <testcase name="test05" time="0.002" classname="test.TestExecutionOrder"/>
  <testcase name="deleteUser" time="0.0" classname="test.TestInvocationCountParameter">
    <ignored/>
  </testcase> <!-- deleteUser -->
</testsuite> <!-- Test -->
